<?xml version="1.0" encoding="UTF-8"?>
<!-- Generated by org.testng.reporters.JUnitReportReporter -->
<testsuite hostname="LAPTOP-2RFE2DQG" failures="0" tests="1" name="com.qa.test.GetAPITest" time="2.242" errors="0" timestamp="2020-10-13T16:30:29 CDT" skipped="0">
  <testcase classname="com.qa.test.GetAPITest" name="getAPITest" time="2.242"/>
  <system-out/>
</testsuite> <!-- com.qa.test.GetAPITest -->
